[09:44:19] <percent20> http://www.theonion.com/articles/entire-facebook-staff-laughs-as-man-tightens-priva,17508/
[10:44:12] <percent2_> i like pie
[10:44:18] <percent2_> !karma?
[10:45:53] <percent2_> !Destos++
[10:46:10] <percent2_> Destos: gets an awesome point for just being awesome.
[14:07:42] <percent2_> http://rachelmarone.com/banned-from-kickstarter-for-being-a-stalking-victim.html
[16:20:32] <groovecoder1> Destos: https://gist.github.com/2388128
[17:17:44] <stormraven> Blixa, did you say 244/f4?
[17:34:05] <codelahoma> http://is.gd/dMvxcg
[17:37:22] <stormraven> I found e0 as command data, but not a response code
[17:39:50] <mrmakeit> stormraven: hmm. maybe it says something somewhere about timeout?
[17:40:27] <stormraven> I'll check
[17:43:54] <percent2_> http://robnyman.github.com/camera-api/
[18:28:29] <groovecoder1> percent2_: https://gist.github.com/2389023
[18:32:34] <sephillips> http://gis.fema.gov/DataFeeds.html
[18:34:22] <sephillips> http://www.ocgi.okstate.edu/zipped/
[18:49:13] <percent2_> Destos: https://developer.mozilla.org/en/using_geolocation
[18:55:27] <percent2_> http://thenextweb.com/dd/2012/04/14/hackathon-survival-guide-9-things-to-make-the-most-of-a-hack-event/?awesm=tnw.to_1E2nb&utm_campaign=social%20media&utm_medium=Spreadus&utm_source=Facebook&utm_content=Hackathon%20survival%20guide:%209%20things%20to%20make%20the%20most%20of%20a%20hack%20event
[19:08:26] <groovecoder1> !percent2_--
[19:08:34] <groovecoder1> !percent20--
[19:08:44] <groovecoder1> !MattGalloway--
[19:08:59] <mrmakeit> !karma?
[19:09:06] <jwhitlock> !percent20-=975291
[19:10:45] <mrmakeit> !groovecode--
[19:10:48] <mrmakeit> !groovecoder--
[19:12:18] <jwhitlock> !jsatt++
[19:12:18] <groovecoder1> !jsatt++
[19:12:55] <jgmize> !karma?
[19:13:25] <jgmize> !karma?
[19:13:55] <mrmakeit> what can i say im a rebel
[19:14:14] <percent2_> !karma?
[19:14:41] <percent2_> !karma?
[19:15:26] <percent2_> !karma?
[19:16:01] <mrmakeit> !Destos++
[19:16:09] <percent2_> !jgmize++
[19:16:21] <mrmakeit> !jgmize++
[19:16:35] <percent2_> !jgmize++
[19:16:50] <mrmakeit> !jgmize++
[19:17:04] <percent2_> !jgmize++
[19:17:09] <mrmakeit> !jgmize++
[19:17:10] <mrmakeit> !jgmize++
[19:17:12] <mrmakeit> !jgmize++
[19:17:13] <mrmakeit> !jgmize++
[19:17:13] <mrmakeit> !jgmize++
[19:17:19] <percent2_> !jgmize++
[19:17:24] <percent2_> !jgmize++
[19:17:29] <mrmakeit> !destos++
[19:17:38] <mrmakeit> !Destos++
[19:17:44] <mrmakeit> !Destos++
[19:18:06] <percent2_> !jgmize++
[19:18:16] <mrmakeit> !jgmize--
[19:18:18] <mrmakeit> !jgmize--
[19:18:19] <mrmakeit> !jgmize--
[19:18:20] <mrmakeit> !jgmize--
[19:18:21] <mrmakeit> !jgmize--
[19:18:23] <mrmakeit> !jgmize--
[19:18:26] <mrmakeit> !jgmize--
[19:18:28] <mrmakeit> !jgmize--
[19:18:33] <mrmakeit> !jgmize--
[19:18:37] <mrmakeit> !jgmize--
[19:18:40] <mrmakeit> !jgmize--
[19:18:43] <percent2_> !jgmize++
[19:18:55] <percent2_> !jgmize++
[19:18:55] <mrmakeit> !jgmize--
[19:19:15] <mrmakeit> !jgmize--
[19:22:13] <mrmakeit> !tulsabot--
[19:22:17] <mrmakeit> !tulsabot++
[19:22:30] <mrmakeit> !jgmize--
[19:24:06] <mrmakeit> !karma?
[19:24:57] <mrmakeit> !jgmize++
[19:25:24] <MattGall_> !mattgalloway
[19:25:36] <MattGall_> !mattgalloway++
[19:27:49] <mrmakeit> !mrmakeit++
[19:33:02] <jgmize> !jwhitlock++
[19:33:05] <jwhitlock> !💩++
[19:33:23] <mrmakeit> !karma?
[19:33:28] <percent2_> !hello
[19:33:47] <percent2_> !こんにちは++
[19:33:55] <MattGall_> !mattgalloway++
[20:18:30] <mrmakeit> !Destos--
[22:00:51] <groovecoder1> jgmize: http://matthewphiong.com/managing-django-static-files-on-heroku
[22:09:10] <sephillips> http://soildatamart.nrcs.usda.gov/Default.aspx
[22:09:35] <jwhitlock> !sephillips++
