[00:54:48] <tulsabot_node> Your http://turntable.fm/tulsawebdevs recap
[01:54:48] <tulsabot_node> Your http://turntable.fm/tulsawebdevs recap
[02:54:49] <tulsabot_node> Your http://turntable.fm/tulsawebdevs recap
[03:54:48] <tulsabot_node> Your http://turntable.fm/tulsawebdevs recap
[04:54:48] <tulsabot_node> Your http://turntable.fm/tulsawebdevs recap
[05:54:48] <tulsabot_node> Your http://turntable.fm/tulsawebdevs recap
[06:54:48] <tulsabot_node> Your http://turntable.fm/tulsawebdevs recap
[07:27:44] <groovecoder> percent20: you heard of http://www.codeschool.com/code_tv ?
[07:54:48] <tulsabot_node> Your http://turntable.fm/tulsawebdevs recap
[08:54:48] <tulsabot_node> Your http://turntable.fm/tulsawebdevs recap
[09:31:58] <groovecoder> DJMakeIt: tulsabot needs a "skip" command
[09:32:09] <groovecoder> too much work to make him !listen and then !dj again :)
[09:32:17] <DJMakeIt> has one.  pm it !skip on turntable
[09:43:09] <groovecoder> !bop
[09:43:09] <tulsabot_node> The great DJ accepts!
[09:54:48] <tulsabot_node> Your http://turntable.fm/tulsawebdevs recap
[09:54:48] <tulsabot_node> American Idiot by Green Day
[09:54:48] <tulsabot_node> All Star by Smash Mouth
[09:54:48] <tulsabot_node> Harder, Better, Faster, Stronger by Daft Punk
[09:54:49] <tulsabot_node> Then The Morning Comes by Smash Mouth
[09:54:49] <tulsabot_node> I'm A Believer by Smash Mouth
[09:54:49] <tulsabot_node> I'm A Believer by Smash Mouth
[09:54:50] <tulsabot_node> Derezzed (Remixed By The Glitch Mob) by Daft Punk
[10:01:56] <groovecoder> !bop
[10:01:56] <tulsabot_node> The great DJ accepts!
[10:09:35] <groovecoder> !bop
[10:09:36] <tulsabot_node> The great DJ accepts!
[10:10:05] <groovecoder> you all are missing out. tulsabot_node and I are having a point orgy up here in turntable
[10:28:38] <zerokarmaleft> !bop
[10:28:38] <tulsabot_node> The great DJ accepts!
[10:29:11] <groovecoder> !bop
[10:29:11] <tulsabot_node> The great DJ accepts!
[10:29:19] <zerokarmaleft> groovecoder: can we skip through after you get your bop?
[10:29:19] <tulsabot_node> The great DJ accepts!
[10:29:54] <zerokarmaleft> bop
[10:29:54] <tulsabot_node> The great DJ accepts!
[10:30:03] <zerokarmaleft> bop
[10:30:03] <tulsabot_node> The great DJ accepts!
[10:30:29] <zerokarmaleft> apparently so, lol
[10:30:35] <zerokarmaleft> still keep the points
[10:30:42] <zerokarmaleft> bop
[10:30:42] <tulsabot_node> The great DJ accepts!
[10:31:32] <groovecoder> !bop
[10:31:32] <tulsabot_node> The great DJ accepts!
[10:31:44] <zerokarmaleft> hmm
[10:31:48] <groovecoder> hah
[10:31:52] <groovecoder> it discovered us
[10:32:00] <zerokarmaleft> heh, seems so
[10:32:05] <zerokarmaleft> ACTION shakes fist
[10:32:39] <zerokarmaleft> i couldn't thumbs up your last play either
[10:32:52] <zerokarmaleft> from my avatar
[10:34:50] <zerokarmaleft> bop dat shit
[10:34:51] <tulsabot_node> The great DJ accepts!
[10:35:12] <groovecoder> lol
[10:35:26] <groovecoder> I actually *want* to listen to this whole song :)
[10:35:51] <zerokarmaleft> checking the app store for an iOS app
[10:39:52] <zerokarmaleft> groovecoder: hmm i'm going to curate my playlist to have a bunch of short songs
[10:40:11] <groovecoder> zerokarmaleft: heh
[10:40:40] <groovecoder> arctic monkeys have a bunch of good short songs, but they're not on turntable :(
[10:40:58] <zerokarmaleft> groovecoder: does the android app let you login with regular auth instead of through facebook/twitter?
[10:41:23] <groovecoder> zerokarmaleft: no
[10:41:33] <groovecoder> zerokarmaleft: I had to sign in with tulsawebdevs twitter
[10:45:44] <mrmakeit> mind if i join?
[10:46:13] <mrmakeit> who is zklbot?
[10:47:03] <groovecoder> it's a regular human-robot mixer in here
[10:47:16] <mrmakeit> wow
[10:47:33] <mrmakeit> why you skip tulsabot?
[10:47:52] <mrmakeit> percent20: maybe it's time to ditch tulsabot_
[10:47:54] <groovecoder> mrmakeit: point-farming. :) also, we've done too much daft punk recently
[10:48:03] <mrmakeit> ah
[10:48:10] <mrmakeit> should i skip?
[10:48:47] <mrmakeit> bbl got to enroll in TCC
[10:49:59] <mrmakeit_TCC> !groovecoder++
[10:49:59] <tulsabot_node> groovecoder has 3 awesome points.
[10:50:11] <zerokarmaleft> !karma?
[10:50:12] <tulsabot_node> zerokarmaleft has 1 awesome points.
[10:50:12] <tulsabot_node> destos has 1 awesome points.
[10:50:12] <tulsabot_node> groovecoder has 3 awesome points.
[10:50:12] <tulsabot_node> mrmakeit has 1 awesome points.
[10:50:12] <tulsabot_node> jwhitlock has -5 awesome points.
[10:50:12] <tulsabot_node> Are you trying to rip a hole in the space-time continuum?
[10:50:12] <tulsabot_node> Just keep telling yourself that.
[10:50:13] <tulsabot_node> tulsabot_, What do you think your doing?
[10:50:13] <tulsabot_node> tulsabot_, What do you think your doing?
[10:50:20] <tulsabot_node> has has no awsome points. How sad.
[10:50:33] <zerokarmaleft> good grief
[10:50:42] <tulsabot_node> jwhitlock has -4 awesome points.
[10:50:45] <mrmakeit_TCC> tulsabot_ is still cracked someone needs to get percent20 to fix that
[10:52:17] <groovecoder> mrmakeit_TCC: does tulsabot_node record irc logs?
[10:52:23] <mrmakeit_TCC> yes
[10:52:37] <groovecoder> mrmakeit_TCC: also, where's the code/repos for tulsabot_node ?
[10:52:53] <zerokarmaleft> it's on github
[10:53:02] <groovecoder> under ... ?
[10:53:08] <zerokarmaleft> node-ircbot
[10:53:08] <mrmakeit_TCC> node_ircbot
[10:53:12] <groovecoder> cool
[10:53:19] <groovecoder> going to put it on the newsletter
[10:53:32] <mrmakeit_TCC> got more updates to push to the tulsawebdevs repo though
[10:54:14] <mrmakeit_TCC> also need to add the log reader.  it's a seperate unit cause of memory problems i had.
[10:54:48] <tulsabot_node> Your http://turntable.fm/tulsawebdevs recap
[10:54:48] <tulsabot_node> Everlong by Foo Fighters
[10:54:48] <tulsabot_node> Robots by Flight Of The Conchords
[10:54:48] <tulsabot_node> White & Nerdy by 'Weird Al' Yankovic
[10:54:48] <tulsabot_node> The Rockafeller Skank by Fatboy Slim
[10:54:49] <tulsabot_node> Welcome Home by Coheed And Cambria
[10:54:49] <tulsabot_node> Clubbed To Death (The Matrix) by Robert D
[10:54:50] <tulsabot_node> Weapon Of Choice by Fatboy Slim
[10:54:50] <tulsabot_node> Citizen Erased by Muse
[10:54:51] <tulsabot_node> Right Here, Right Now by Fatboy Slim
[10:54:51] <tulsabot_node> Da Funk by Daft Punk
[10:54:52] <tulsabot_node> Raise Your Weapon by Deadmau5
[10:54:52] <tulsabot_node> London Calling by The Clash
[10:54:53] <tulsabot_node> DOA by Foo Fighters
[10:55:05] <mrmakeit_TCC> you guys have been busy.
[10:56:44] <mrmakeit_TCC> the bots bob together
[10:59:21] <mrmakeit_TCC> !song
[10:59:21] <tulsabot_node> Current song: Feel Good Hit Of The Summer by Queens Of The Stone Age
[11:00:45] <mrmakeit_TCC> groovecoder: could we put the current song on the Topic?
[11:02:09] <mrmakeit_TCC> why would a person get mad a 'Buy one Get one Free'?
[11:02:18] <mrmakeit_TCC> *at
[11:02:36] <zerokarmaleft> maybe that only want one at half price
[11:02:39] <zerokarmaleft> they*
[11:02:58] <mrmakeit_TCC> there needs to be a troll emote.
[11:03:41] <groovecoder> !bop
[11:03:42] <tulsabot_node> The great DJ accepts!
[11:03:52] <mrmakeit_TCC> you don't need !
[11:04:11] <mrmakeit_TCC> see ya guys later.
[11:04:34] <zerokarmaleft> groovecoder: heh, i've got cee lo green on deck
[11:04:45] <groovecoder> heh
[11:06:30] <groovecoder> lulz
[11:08:02] <zerokarmaleft> groovecoder: http://forums.somethingawful.com/showthread.php?threadid=3485778 <= d3 random hardcore challenge
[11:08:47] <groovecoder> zerokarmaleft: I got a pretty good f--- song on deck now too :)
[11:15:27] <zerokarmaleft> groovecoder: they don't have coulton's Red Shirt
[11:15:30] <zerokarmaleft> :(
[11:20:00] <zerokarmaleft> bop
[11:20:00] <tulsabot_node> The great DJ accepts!
[11:21:42] <zerokarmaleft> bop
[11:21:42] <tulsabot_node> The great DJ accepts!
[11:26:06] <jsatt> famous last words, from yesterdays irclogs: "<mrmakeit> he cant break it now"
[11:38:37] <groovecoder> !bop
[11:38:38] <tulsabot_node> The great DJ accepts!
[11:39:15] <zerokarmaleft> groovecoder: who's this guy?
[11:39:34] <groovecoder> zerokarmaleft: no idea
[11:39:51] <zerokarmaleft> guess we're doing it wrong, he's got over 12K points heh
[11:41:01] <groovecoder> zerokarmaleft: yeah if you join a huge room it's easier to get points :)
[11:45:31] <tulsabot_node> Spontaneous Human Combustion by The Bobs
[11:45:31] <tulsabot_node> Crazy by Gnarls Barkley
[11:45:31] <tulsabot_node> Sandstorm (Radio Edit) by Darude
[11:45:31] <tulsabot_node> Feel Good Hit Of The Summer by Queens Of The Stone Age
[11:45:31] <tulsabot_node> Your http://turntable.fm/tulsawebdevs recap
[11:45:32] <tulsabot_node> Fuck You by Cee-Lo Green
[11:45:32] <tulsabot_node> First of May by Jonathan Coulton
[11:45:33] <tulsabot_node> Firestarter by The Prodigy
[11:45:33] <tulsabot_node> Maps by Yeah Yeah Yeahs
[11:45:34] <tulsabot_node> Club Foot by Kasabian
[11:45:34] <tulsabot_node> Disconnected by RJD2
[11:45:35] <tulsabot_node> Block Rockin' Beats by The Chemical Brothers
[11:45:35] <tulsabot_node> Extreme Ways by Moby
[11:45:36] <tulsabot_node> 15 Step by Radiohead
[12:02:15] <DJMakeIt> ?nick MrMakeit
[12:02:44] <MrMakeIt> ehllo
[12:05:26] <MrMakeIt> who's your friend?
[12:05:40] <MrMakeIt> !bop
[12:05:41] <tulsabot_node> The great DJ accepts!
[12:05:45] <zerokarmaleft> just some random guy that joined the room
[12:06:01] <MrMakeIt> so where did everyone go?
[12:10:32] <MrMakeIt> !song
[12:10:32] <tulsabot_node> Current song: White & Nerdy by 'Weird Al' Yankovic
[12:11:01] <MrMakeIt> definently need to work on the playlist editor.
[12:14:11] <percent20> so my allergy medicine doesn't seem to be working anymore. i feel like my eyes are as big as baloons
[12:14:40] <zerokarmaleft> percent20: have you considered getting shots?
[12:15:04] <percent20> zerokarmaleft: am starting to.
[12:15:27] <percent20> This is the first season in a almost 20 years that I have had these kind of problems.
[12:17:35] <MrMakeIt> uh-oh
[12:20:48] <MrMakeIt> bop
[12:20:48] <tulsabot_node> The great DJ accepts!
[12:29:42] <zerokarmaleft> bop
[12:29:43] <tulsabot_node> The great DJ accepts!
[12:42:31] <MrMakeIt> groovecoder: what's the best way to put a json into a dragable list?
[12:45:26] <tulsabot_node> Your http://turntable.fm/tulsawebdevs recap
[12:45:26] <tulsabot_node> Race For The Prize by The Flaming Lips
[12:45:26] <tulsabot_node> Freaks and Geeks by Childish Gambino
[12:45:26] <tulsabot_node> Gold On The Ceiling by The Black Keys
[12:45:26] <tulsabot_node> Devil's Dance Floor by Flogging Molly
[12:45:26] <tulsabot_node> Black River Killer by Blitzen Trapper
[12:45:26] <tulsabot_node> Where The Streets Have No Name by U2
[12:45:27] <tulsabot_node> White & Nerdy by 'Weird Al' Yankovic
[12:45:27] <tulsabot_node> Combat Baby by Metric
[12:45:28] <tulsabot_node> The System Administrator Song - Three Dead Trolls In A Baggie by Various Artists
[12:45:28] <tulsabot_node> Don't Panic by Coldplay
[12:45:29] <tulsabot_node> Technologic by Daft Punk
[12:45:29] <tulsabot_node> You Are A Tourist by Death Cab For Cutie
[12:45:30] <tulsabot_node> The White Collar Holler by Stan Rogers
[12:50:19] <percent20> FINALLY, I weighed in at 205.3lbs I not only finally broke my 207 plataue i blew past it. Now to keep up the momentum.
[12:51:13] <percent20> me
[12:51:19] <percent20> wrong window. lol
[12:51:47] <groovecoder> percent20: w00t though
[12:51:58] <percent20> definitely.
[12:52:08] <groovecoder> mrmakeit_nomnom: what's your twitter?
[12:52:34] <percent20> now to just keep running since I am up to a mile of running now.
[12:52:50] <percent20> crap he showed up.
[12:58:15] <mrmakeit_nomnom>  /nick MrMakeIt
[12:58:45] <MrMakeIt> groovecoder: @projectmakeit
[13:03:44] <Destos> :o
[13:26:09] <MrMakeIt> bop
[13:26:09] <tulsabot_node> The great DJ accepts!
[13:45:26] <tulsabot_node> Your http://turntable.fm/tulsawebdevs recap
[13:45:26] <tulsabot_node> Til Kingdom Come (Hidden CD Track) by Coldplay
[13:45:26] <tulsabot_node> Teardrop by Massive Attack
[13:45:26] <tulsabot_node> Brand New Colony by The Postal Service
[13:45:26] <tulsabot_node> Charlie Sheen by 50 Caliber
[13:45:26] <tulsabot_node> Renegade by Styx
[13:45:26] <tulsabot_node> Supermassive Black Hole by Muse
[13:45:27] <tulsabot_node> Wake Up by The Arcade Fire
[13:45:27] <tulsabot_node> Java Life by Java Life
[13:45:28] <tulsabot_node> Square One by Coldplay
[13:45:28] <tulsabot_node> Sunday Bloody Sunday by U2
[13:45:29] <tulsabot_node> Song 2 by Blur
[13:45:29] <tulsabot_node> With Or Without You by U2
[13:45:30] <tulsabot_node> Pork And Beans by Weezer
[13:48:52] <MrMakeIt> bop
[13:48:52] <tulsabot_node> The great DJ accepts!
[13:50:05] <MrMakeIt> 15 points left!!
[13:52:30] <MrMakeIt> groovecoder: now i know what you mean
[13:58:19] <tulsabot_node> Your http://turntable.fm/tulsawebdevs recap
[13:58:19] <tulsabot_node> The Most Beautiful Girl (In The Room) by Flight Of The Conchords
[13:58:19] <tulsabot_node> Sofi Needs A Ladder by Deadmau5
[13:58:19] <tulsabot_node> Too Many Dicks (On The Dancefloor) by Flight Of The Conchords
[13:58:24] <MrMakeIt> nodejitsu is running really slow.
[14:06:01] <groovecoder> zerokarmaleft: pick your new avatar! :)
[14:07:19] <zerokarmaleft> groovecoder: don't think i can do that from the iOS app
[14:07:29] <groovecoder> zerokarmaleft: wow, lame
[14:28:17] <tulsabot_node> Your http://turntable.fm/tulsawebdevs recap
[14:28:17] <tulsabot_node> Stroke Me by Mickey Avalon
[14:28:17] <tulsabot_node> All Star by Smash Mouth
[14:28:17] <tulsabot_node> Hardware Store by 'Weird Al' Yankovic
[14:28:17] <tulsabot_node> Strobe (Club Edit) by Deadmau5
[14:28:18] <tulsabot_node> Hiphopopotamus Vs. Rhymenoceros (Featuring Rhymenocerous & The Hiphopopotamus) by Flight Of The Conchords
[14:28:18] <tulsabot_node> Harder, Better, Faster, Stronger by Daft Punk
[14:28:19] <tulsabot_node> A Kiss Is Not A Contract by Flight Of The Conchords
[14:33:19] <DJMakeIt> anyone know how to change access-control-allow-origin with nodejs express?
[14:37:45] <tulsabot_node> Your http://turntable.fm/tulsawebdevs recap
[14:37:45] <tulsabot_node> The Yeah Yeah Yeah Song by The Flaming Lips
[14:37:45] <tulsabot_node> Sabotage by Beastie Boys
[14:37:46] <tulsabot_node> Lorelei by Styx
[14:41:01] <DJMakeIt> bop
[14:41:01] <tulsabot_node> The great DJ accepts!
[14:42:38] <tulsabot_node> Through The Fire And Flames by Dragonforce
[14:42:38] <tulsabot_node> Your http://turntable.fm/tulsawebdevs recap
[14:42:38] <tulsabot_node> She Don't Use Jelly by The Flaming Lips
[14:44:32] <tulsabot_node> Your http://turntable.fm/tulsawebdevs recap
[14:51:52] <tulsabot_node> Your http://turntable.fm/tulsawebdevs recap
[14:51:52] <tulsabot_node> Blaze Of Glory by Jon Bon Jovi
[14:56:15] <DJMakeIt> one point.
[14:56:50] <groovecoder> DJMakeIt: yeah, we need to change tulsabot to only give the recap when asked
[14:57:21] <DJMakeIt> it automaticly sends on startup but then once an hour.
[14:57:38] <DJMakeIt> i've been working with cors and had to restart several times
[15:04:58] <DJMakeIt> gah have to wat for song to end.  NOOO1
[15:15:14] <tulsabot_node> Blue Collar Man (Long Nights) by Styx
[15:15:14] <tulsabot_node> Your http://turntable.fm/tulsawebdevs recap
[15:15:14] <tulsabot_node> Short Skirt\/Long Jacket by Cake
[15:15:14] <tulsabot_node> Behind Blue Eyes by Limp Bizkit
[15:15:14] <tulsabot_node> Ghosts 'N' Stuff (Nero Remix) (Feat. Rob Swire) by Deadmau5
[15:15:15] <tulsabot_node> I'm A Believer by Smash Mouth
[15:18:51] <tulsabot_node> Your http://turntable.fm/tulsawebdevs recap
[15:22:02] <DJMakeIt> Playlist viewer is ready! http://tulsalogs.jit.su/playlist
[15:41:22] <DJMakeIt> trying to use a sortable playlist, anyone have any advice on how to find the index during start and stop events?
[15:41:26] <DJMakeIt> Destos:^
[15:43:35] <DJMakeIt> bop
[15:43:35] <tulsabot_node> The great DJ accepts!
[15:48:41] <DJMakeIt> percent20: you there?
[16:18:46] <tulsabot_node> Your http://turntable.fm/tulsawebdevs recap
[16:18:46] <tulsabot_node> Foreplay\/Long Time by Boston
[16:18:46] <tulsabot_node> Blue (Da Ba Dee)(Dance Mix) by D.J. Disco Dance
[16:18:46] <tulsabot_node> Are You The One? by The Presets
[16:18:46] <tulsabot_node> Padrino by Smash Mouth
[16:18:46] <tulsabot_node> Summer In The City by The Lovin' Spoonful
[16:18:46] <tulsabot_node> Clint Eastwood by Gorillaz
[16:18:47] <tulsabot_node> Harder, Better, Faster, Stronger by Daft Punk
[16:18:47] <tulsabot_node> Da Funk by Daft Punk
[16:18:48] <tulsabot_node> In Search Of Diamonds by Eric Fullerton
[16:18:48] <tulsabot_node> Walkin' On The Sun by Smash Mouth
[16:18:49] <tulsabot_node> Mr. Roboto by Styx
[16:48:02] <percent20> you know a compiled language has its advantages when it comes to inheritance.
[16:48:20] <DJMakeIt> ?
[16:49:06] <DJMakeIt> how does that help with jquery?
[16:51:00] <percent20> am working with python right now.
[16:51:26] <DJMakeIt> oh sorry. mis-read the comment. thought you were talking to me.
[16:51:38] <percent20> no just a comment in frustration.
[16:51:44] <DJMakeIt> k
[16:52:04] <DJMakeIt> jwhitlock found a bug with to tulsabots in the channel
[16:52:55] <percent20> what bug?
[16:53:03] <DJMakeIt> !!jwhitlock++++
[16:53:04] <tulsabot_node> DJMakeIt, What do you think your doing?
[16:53:04] <tulsabot_node> jwhitlock has -3 awesome points.
[16:53:20] <DJMakeIt> causes one tulsabot to command another for karma.
[16:53:49] <DJMakeIt> i told mine to ignore it, but i can't do anything about yours.
[16:53:51] <percent20> heh that is funny.
[16:54:12] <DJMakeIt> so did you get the cron script?
[16:55:06] <tulsabot_node> The tunes have stopped.
[16:55:20] <percent20> yeah. this has been the worlds craziest week for me.
[16:55:29] <percent20> haven't had a chance to work with it.
[16:55:31] <DJMakeIt> that's understandable.
[17:08:53] <tulsabot_node> Your http://turntable.fm/tulsawebdevs recap
[17:08:53] <tulsabot_node> Minecraft: The Song by Bobby Yarsulik
[17:08:53] <tulsabot_node> Dirty Harry by Gorillaz
[17:08:53] <tulsabot_node> Welcome Home by Coheed And Cambria
[17:08:53] <tulsabot_node> Drowning (Feat. Laura V) (Avicii Remix) by Armin Van Buuren
[17:11:59] <tulsabot_node> Your http://turntable.fm/tulsawebdevs recap
[17:13:36] <tulsabot_node> Your http://turntable.fm/tulsawebdevs recap
[17:43:50] <tulsabot_node> Your http://turntable.fm/tulsawebdevs recap
[17:49:21] <DJMakeIt> tulsalogs playlist now sorts!
[18:22:42] <tulsabot_node> The tunes have stopped.
[18:25:03] <tulsabot_node> The tunes have stopped.
[18:43:44] <tulsabot_node> Your http://turntable.fm/tulsawebdevs recap
[19:43:44] <tulsabot_node> Your http://turntable.fm/tulsawebdevs recap
[20:16:07] <tulsabot_node> Your http://turntable.fm/tulsawebdevs recap
[20:29:25] <MrMakeIt> Playlist editor is Live.  still finicky if anyone is up to finalizing it.
[20:30:56] <MrMakeIt> !karma?
[20:30:56] <tulsabot_node> destos has 1 awesome points.
[20:30:56] <tulsabot_node> zerokarmaleft has 1 awesome points.
[20:30:56] <tulsabot_node> groovecoder has 3 awesome points.
[20:30:56] <tulsabot_node> mrmakeit has 1 awesome points.
[20:30:56] <tulsabot_node> jwhitlock has -3 awesome points.
[20:30:57] <tulsabot_node> Are you trying to rip a hole in the space-time continuum?
[20:30:57] <tulsabot_node> Just keep telling yourself that.
[20:30:58] <tulsabot_node> tulsabot_, What do you think your doing?
[20:30:58] <tulsabot_node> tulsabot_, What do you think your doing?
[20:31:03] <tulsabot_node> has has no awsome points. How sad.
[20:31:27] <tulsabot_node> jwhitlock has -2 awesome points.
[21:16:02] <tulsabot_node> Your http://turntable.fm/tulsawebdevs recap
[21:16:02] <tulsabot_node> Strobe (Club Edit) by Deadmau5
[22:16:02] <tulsabot_node> Your http://turntable.fm/tulsawebdevs recap
[22:41:19] <tulsabot_node> The tunes have stopped.
