[00:53:57] <tulsabot_node> Your http://turntable.fm/tulsawebdevs recap
[01:53:57] <tulsabot_node> Your http://turntable.fm/tulsawebdevs recap
[02:53:57] <tulsabot_node> Your http://turntable.fm/tulsawebdevs recap
[03:53:57] <tulsabot_node> Your http://turntable.fm/tulsawebdevs recap
[04:53:57] <tulsabot_node> Your http://turntable.fm/tulsawebdevs recap
[05:53:57] <tulsabot_node> Your http://turntable.fm/tulsawebdevs recap
[06:53:57] <tulsabot_node> Your http://turntable.fm/tulsawebdevs recap
[07:53:57] <tulsabot_node> Your http://turntable.fm/tulsawebdevs recap
[08:53:57] <tulsabot_node> Your http://turntable.fm/tulsawebdevs recap
[08:54:39] <jsatt> Destos just ran across videos from django this year: http://www.klewel.com/conferences/djangocon-2012/
[09:43:14] <AndChat|329121> !DJ
[09:43:21] <AndChat|329121> !DJ
[09:43:35] <AndChat|329121> !dj
[09:45:30] <tulsabot_node> Your http://turntable.fm/tulsawebdevs recap
[10:28:57] <MrMakeIt> bop
[10:28:57] <tulsabot_node> The great DJ accepts!
[10:43:07] <jgmize|> CA crew on our way to the fab lab
[10:45:24] <tulsabot_node> Your http://turntable.fm/tulsawebdevs recap
[10:45:24] <tulsabot_node> Dirty Harry by Gorillaz
[10:45:24] <tulsabot_node> Da Funk by Daft Punk
[10:45:24] <tulsabot_node> Moar Ghosts N Stuff by Deadmau5
[10:45:24] <tulsabot_node> Brianstorm by Arctic Monkeys
[10:45:24] <tulsabot_node> looking for heroes by eLeCtRo
[10:48:05] <percent20> !skip
[10:53:35] <zerokarmaleft> groovecoder: for TTA, do we actually have shapefiles?
[10:53:47] <groovecoder> zerokarmaleft: yeah, pretty sure
[10:54:11] <groovecoder> zerokarmaleft: jwhitlock is the expert
[10:54:51] <zerokarmaleft> i guess i'm not clear on how this stuff plugs together
[11:21:12] <percent20> bop
[11:21:13] <tulsabot_node> The great DJ accepts!
[11:45:24] <tulsabot_node> Your http://turntable.fm/tulsawebdevs recap
[11:45:24] <tulsabot_node> Ghost N Stuff by Deadmau5
[11:45:26] <tulsabot_node> Starships (Edited Version) by Nicki Minaj
[11:45:26] <tulsabot_node> Yellow Submarine by The Beatles
[11:45:26] <tulsabot_node> Walkin' On The Sun by Smash Mouth
[11:45:26] <tulsabot_node> Misty Mountain Hop by Led Zeppelin
[12:02:04] <percent20> skip
[12:15:05] <jwhitlock> zerokarmaleft: GTFS needs a line, such as 'bus starts here, travels this path'
[12:15:36] <jwhitlock> MTTA has provided points for the stops, and multiline (two-point segments) for the routes
[12:16:34] <zerokarmaleft> jwhitlock: ah ok
[12:16:50] <jwhitlock> it prints OK on a map, but not great for GTFS w/o some work
[12:16:55] <zerokarmaleft> are those on github?
[12:17:54] <zerokarmaleft> nvm, we don't have perm to do that yet
[12:18:08] <groovecoder> zerokarmaleft: the data files are on dropbox, if you want to see
[12:18:15] <groovecoder>  /msg me your email
[12:18:28] <groovecoder> !skip
[12:45:24] <tulsabot_node> Your http://turntable.fm/tulsawebdevs recap
[12:45:24] <tulsabot_node> Little Bad Girl (Feat. Taio Cruz & Ludacris) by David Guetta
[12:45:24] <tulsabot_node> Sweet Talkin' Woman by Electric Light Orchestra
[12:45:24] <tulsabot_node> Don't Speak (I Came to Make a Bang) by Eagles Of Death Metal
[12:45:24] <tulsabot_node> Turn Me On (Feat. Nicki Minaj) by David Guetta
[12:45:24] <tulsabot_node> Bonus Track: A Jagged Gorgeous Winter (Rock Band 2 Mix) by The Main Drag
[12:45:24] <tulsabot_node> Life In Technicolor II by Coldplay
[12:45:25] <tulsabot_node> I Kissed A Girl by Katy Perry
[12:45:25] <tulsabot_node> be human by Yoko Kanno
[12:56:00] <percent20> !skip
[12:56:15] <percent20> skip[
[12:56:18] <percent20> skip
[13:03:58] <tulsabot_node1> Your http://turntable.fm/tulsawebdevs recap
[13:05:39] <zerokarmaleft> http://www.bbc.com/news/technology-18440979 <= IE7 tax
[13:05:54] <tulsabot_node1> Your http://turntable.fm/tulsawebdevs recap
[13:15:17] <tulsabot_node> Your http://turntable.fm/tulsawebdevs recap
[13:16:01] <DJMakeIt> !dj
[13:16:09] <tulsabot_node> X-Project (100% Pure Mix) by DJ Fresh (Breakbeat Kaos)
[13:16:09] <tulsabot_node> Your http://turntable.fm/tulsawebdevs recap
[13:17:13] <jesusabdullah> tulsabot_node: speak to me
[13:17:20] <tulsabot_node> Your http://turntable.fm/tulsawebdevs recap
[13:17:21] <jesusabdullah> tulsabot_: speak to me
[13:17:28] <tulsabot_node> Your http://turntable.fm/tulsawebdevs recap
[13:17:52] <DJMakeIt> botsnack
[13:17:58] <tulsabot_node> Your http://turntable.fm/tulsawebdevs recap
[13:22:55] <percent20> !jesusabdullah++
[13:23:03] <tulsabot_node> Battleflag by Lo Fidelity Allstars
[13:23:03] <tulsabot_node> Your http://turntable.fm/tulsawebdevs recap
[13:24:47] <tulsabot_node> Your http://turntable.fm/tulsawebdevs recap
[13:27:22] <DJMakeIt> !jwhitlock++
[13:27:23] <tulsabot_node> jwhitlock has -1 awesome points.
[13:30:46] <DJMakeIt> !karma?jwhitlock
[13:30:47] <tulsabot_node> jwhitlock has BANHAMMER!!! awesome points.
[13:31:21] <DJMakeIt> !jwhitlock++
[13:31:22] <tulsabot_node> jwhitlock Can not receive karma. reason: BANHAMMER!!!
[13:31:35] <groovecoder> !jwhitlock_++
[13:31:58] <tulsabot_node> Your http://turntable.fm/tulsawebdevs recap
[13:35:20] <tulsabot_node> Your http://turntable.fm/tulsawebdevs recap
[13:35:31] <DJMakeIt> !jwhitlock_++
[13:35:31] <tulsabot_node> jwhitlock_ has 1 awesome points.
[13:35:40] <DJMakeIt> !jwhitlock_--
[13:35:41] <tulsabot_node> jwhitlock_ has 2 awesome points.
[13:36:20] <DJMakeIt> !jwhitlock_--
[13:36:21] <tulsabot_node> jwhitlock_ has 3 awesome points.
[13:36:56] <DJMakeIt> !jwhitlock_--
[13:36:57] <tulsabot_node> jwhitlock_ has 4 awesome points.
[13:37:52] <zerokarmaleft> peculiar
[13:39:31] <tulsabot_node> Your http://turntable.fm/tulsawebdevs recap
[13:39:46] <DJMakeIt> !jwhitlock_--
[13:39:47] <tulsabot_node> jwhitlock_ has 3 awesome points.
[13:39:55] <DJMakeIt> !jwhitlock_--
[13:39:56] <tulsabot_node> jwhitlock_ has 2 awesome points.
[13:40:02] <DJMakeIt> !jwhitlock_--
[13:40:02] <tulsabot_node> jwhitlock_ has 1 awesome points.
[13:40:10] <DJMakeIt> !jwhitlock_--
[13:40:11] <tulsabot_node> jwhitlock_ has no more karma.
[13:40:27] <DJMakeIt> !karma?
[13:40:27] <tulsabot_node> zerokarmaleft has 1 awesome points.
[13:40:28] <tulsabot_node> destos has 1 awesome points.
[13:40:28] <tulsabot_node> groovecoder has 3 awesome points.
[13:40:28] <tulsabot_node> mrmakeit has 1 awesome points.
[13:40:28] <tulsabot_node> jwhitlock has BANHAMMER!!! awesome points.
[13:40:28] <tulsabot_node> Just keep telling yourself that.
[13:40:29] <tulsabot_node> has has no awsome points. How sad.
[13:40:30] <tulsabot_node> tulsabot_, What do you think your doing?
[13:40:30] <tulsabot_node> tulsabot_, What do you think your doing?
[13:40:42] <tulsabot_node> Are you trying to rip a hole in the space-time continuum?
[13:41:04] <tulsabot_node> jwhitlock Can not receive karma. reason: BANHAMMER!!!
[13:41:40] <DJMakeIt> !!mrmakeit++
[13:41:41] <tulsabot_node> DJMakeIt, What do you think your doing?
[13:46:10] <zerokarmaleft> percent20: have you pulled the latest ruby-ircbot changes?
[14:38:50] <DJMakeIt> http://tulsabot.jit.su/playlist
[14:38:57] <DJMakeIt> http://tulsabot.jit.su/playlist
[14:39:26] <tulsabot_node> Your http://turntable.fm/tulsawebdevs recap
[14:39:26] <tulsabot_node> Animus Vox by The Glitch Mob
[14:45:47] <DJMakeIt> !skip
[14:46:22] <DJMakeIt> !groovecoder++
[14:46:23] <tulsabot_node> groovecoder Can not receive karma. reason: Nirvana
[14:46:36] <DJMakeIt> !song
[14:46:36] <tulsabot_node> Current song: Where The Streets Have No Name by U2
[15:36:50] <tulsabot_node> The tunes have stopped.
[15:39:26] <tulsabot_node> Your http://turntable.fm/tulsawebdevs recap
[15:39:26] <tulsabot_node> Where The Streets Have No Name by U2
[15:39:26] <tulsabot_node> Strobe (Club Edit) by Deadmau5
[15:54:14] <zerokarmaleft> bargle, missed the fedex guy
[15:54:21] <zerokarmaleft> gotta drive my happy ass out to the airport
[15:54:24] <zerokarmaleft> or wait til monday
[16:39:26] <tulsabot_node> Your http://turntable.fm/tulsawebdevs recap
[17:39:26] <tulsabot_node> Your http://turntable.fm/tulsawebdevs recap
[18:39:26] <tulsabot_node> Your http://turntable.fm/tulsawebdevs recap
[19:39:26] <tulsabot_node> Your http://turntable.fm/tulsawebdevs recap
[19:39:26] <tulsabot_node> Harder, Better, Faster, Stronger by Daft Punk
[19:54:25] <percent20> groovecoder: http://www.developwithpurpose.com/a-javaruby-developer-appreciates-coldfusion/
[19:59:36] <zerokarmaleft> wow, chrome/firefox look like butt on retina
[20:01:36] <percent20> zerokarmaleft: did you get a new MBP?
[20:17:37] <zerokarmaleft> percent20: yep, had to go pick it up from the distribution center
[20:39:26] <tulsabot_node> Your http://turntable.fm/tulsawebdevs recap
[20:39:26] <percent20> where is that at?
[20:40:36] <tulsabot_node> The tunes have stopped.
[20:55:58] <zerokarmaleft> percent20: over by the airport
[21:04:12] <tulsabot_node> The tunes have stopped.
[21:06:49] <tulsabot_node> The tunes have stopped.
[21:39:26] <tulsabot_node> Your http://turntable.fm/tulsawebdevs recap
[21:39:26] <tulsabot_node> Remind Me by Röyksopp
[22:39:26] <tulsabot_node> Your http://turntable.fm/tulsawebdevs recap
[23:39:26] <tulsabot_node> Your http://turntable.fm/tulsawebdevs recap
