[00:35:18] <tulsabot_node> Your http://turntable.fm/tulsawebdevs recap
[01:35:18] <tulsabot_node> Your http://turntable.fm/tulsawebdevs recap
[02:35:17] <tulsabot_node> Your http://turntable.fm/tulsawebdevs recap
[03:35:17] <tulsabot_node> Your http://turntable.fm/tulsawebdevs recap
[04:35:18] <tulsabot_node> Your http://turntable.fm/tulsawebdevs recap
[05:35:18] <tulsabot_node> Your http://turntable.fm/tulsawebdevs recap
[06:35:18] <tulsabot_node> Your http://turntable.fm/tulsawebdevs recap
[07:35:20] <tulsabot_node> Your http://turntable.fm/tulsawebdevs recap
[08:35:18] <tulsabot_node> Your http://turntable.fm/tulsawebdevs recap
[09:35:18] <tulsabot_node> Your http://turntable.fm/tulsawebdevs recap
[10:27:03] <tulsabot_node> The tunes have stopped.
[10:35:18] <tulsabot_node> Your http://turntable.fm/tulsawebdevs recap
[11:35:18] <tulsabot_node> Your http://turntable.fm/tulsawebdevs recap
[12:35:17] <tulsabot_node> Your http://turntable.fm/tulsawebdevs recap
[13:35:18] <tulsabot_node> Your http://turntable.fm/tulsawebdevs recap
[13:38:47] <djmakeit> Zerokarmaleft: you have a chance to work with the log app?
[14:35:18] <tulsabot_node> Your http://turntable.fm/tulsawebdevs recap
[14:35:18] <tulsabot_node> Technologic by Daft Punk
[15:11:13] <tulsabot_node> The tunes have stopped.
[15:12:36] <tulsabot_node> Your http://turntable.fm/tulsawebdevs recap
[15:12:56] <MrMakeIt> !dj
[16:08:04] <tulsabot_node> The great DJ accepts!
[16:08:04] <MrMakeIt> bop
[16:12:31] <tulsabot_node> Your http://turntable.fm/tulsawebdevs recap
[16:12:31] <tulsabot_node> Demon Days by Gorillaz
[16:12:31] <tulsabot_node> El Manana by Gorillaz
[16:12:31] <tulsabot_node> Moar Ghosts N Stuff by Deadmau5
[16:12:31] <tulsabot_node> Too Much Time On My Hands by Styx
[16:12:31] <tulsabot_node> I'm A Believer by Smash Mouth
[16:12:31] <tulsabot_node> Why by The Beatles
[16:12:32] <tulsabot_node> A City In Florida by Deadmau5
[16:12:32] <tulsabot_node> Java Life by Java Life
[16:15:54] <MrMakeIt> bop
[16:15:54] <tulsabot_node> The great DJ accepts!
[17:04:33] <MrMakeIt> bop
[17:04:33] <tulsabot_node> The great DJ accepts!
[17:12:31] <tulsabot_node> Your http://turntable.fm/tulsawebdevs recap
[17:12:31] <tulsabot_node> All Star by Smash Mouth
[17:12:31] <tulsabot_node> Ghost N Stuff by Deadmau5
[17:12:31] <tulsabot_node> New Math by Tom Lehrer
[17:12:31] <tulsabot_node> Poisoning Pigeons In The Park by Tom Lehrer
[17:12:31] <tulsabot_node> Sail by AWOLNATION
[17:12:31] <tulsabot_node> On Melancholy Hill by Gorillaz
[17:12:32] <tulsabot_node> Brianstorm by Arctic Monkeys
[17:12:32] <tulsabot_node> looking for heroes by eLeCtRo
[17:12:33] <tulsabot_node> Yellow Submarine by The Beatles
[17:12:33] <tulsabot_node> Wanted Dead Or Alive by Bon Jovi
[17:59:43] <tulsabot_node> The tunes have stopped.
[18:12:31] <tulsabot_node> Your http://turntable.fm/tulsawebdevs recap
[18:12:31] <tulsabot_node> With Or Without You by U2
[18:12:31] <tulsabot_node> Blaze Of Glory by Jon Bon Jovi
[18:12:31] <tulsabot_node> Are You The One? by The Presets
[19:12:31] <tulsabot_node> Your http://turntable.fm/tulsawebdevs recap
[19:12:31] <tulsabot_node> Turn Me On (Feat. Nicki Minaj) by David Guetta
[19:12:31] <tulsabot_node> Don't Trust Me by 3OH!3
[19:12:31] <tulsabot_node> Wanted Dead Or Alive by Bon Jovi
[19:12:31] <tulsabot_node> California Gurls (Feat. Snoop Dogg) by Katy Perry
[19:45:56] <tulsabot_node1> Your http://turntable.fm/tulsawebdevs recap
[20:12:31] <tulsabot_node> Your http://turntable.fm/tulsawebdevs recap
[20:12:31] <tulsabot_node> Da Funk by Daft Punk
[20:12:31] <tulsabot_node> Dare by Gorillaz
[20:12:31] <tulsabot_node> Summer In The City by The Lovin' Spoonful
[20:35:29] <djmakeit> !skip
[20:45:51] <tulsabot_node1> Your http://turntable.fm/tulsawebdevs recap
[20:45:51] <tulsabot_node1> Moar Ghosts N Stuff by Deadmau5
[20:45:51] <tulsabot_node1> Strobe (Club Edit) by Deadmau5
[21:12:31] <tulsabot_node> Your http://turntable.fm/tulsawebdevs recap
[21:12:31] <tulsabot_node> Ghost N Stuff by Deadmau5
[21:12:31] <tulsabot_node> Padrino by Smash Mouth
[21:16:16] <tulsabot_node1> The tunes have stopped.
[21:45:51] <tulsabot_node1> Your http://turntable.fm/tulsawebdevs recap
[22:12:31] <tulsabot_node> Your http://turntable.fm/tulsawebdevs recap
[22:45:51] <tulsabot_node1> Your http://turntable.fm/tulsawebdevs recap
