[00:49:54] <tulsabot_node> Your http://turntable.fm/tulsawebdevs recap
[01:49:54] <tulsabot_node> Your http://turntable.fm/tulsawebdevs recap
[02:49:54] <tulsabot_node> Your http://turntable.fm/tulsawebdevs recap
[03:49:54] <tulsabot_node> Your http://turntable.fm/tulsawebdevs recap
[04:49:54] <tulsabot_node> Your http://turntable.fm/tulsawebdevs recap
[05:49:54] <tulsabot_node> Your http://turntable.fm/tulsawebdevs recap
[06:49:54] <tulsabot_node> Your http://turntable.fm/tulsawebdevs recap
[07:49:54] <tulsabot_node> Your http://turntable.fm/tulsawebdevs recap
[08:49:54] <tulsabot_node> Your http://turntable.fm/tulsawebdevs recap
[09:12:01] <tulsabot_node> Your http://turntable.fm/tulsawebdevs recap
[09:18:09] <MrMakeIt> i love the internet
[09:18:51] <MrMakeIt> you need something fixed?  someones probably done it.  and they tell you how. :-))
[09:23:07] <zerokarmaleft> MrMakeIt: until they don't => http://xkcd.com/979/
[09:23:28] <MrMakeIt> lol
[09:23:49] <MrMakeIt> why u ruin my enjoyment?
[09:26:10] <djmakeit> groovecoder: how many dj points do you have?  app keeps getting them wrong.
[09:27:14] <groovecoder> 300
[09:27:41] <djmakeit> so your ready for an upgrade.
[09:27:46] <groovecoder> yup
[09:45:28] <djmakeit> Destos: sorry bout the text barrage yesterday.  att screwed up my service yesterday.
[10:11:55] <tulsabot_node> Your http://turntable.fm/tulsawebdevs recap
[10:11:55] <tulsabot_node> Where The Streets Have No Name by U2
[10:11:55] <tulsabot_node> Sunday Bloody Sunday by U2
[10:11:55] <tulsabot_node> Strobe (Club Edit) by Deadmau5
[10:11:55] <tulsabot_node> Come Out And Play by The Offspring
[10:11:55] <tulsabot_node> Club Foot by Kasabian
[10:11:55] <tulsabot_node> Then The Morning Comes by Smash Mouth
[10:11:56] <tulsabot_node> Vasoline by Stone Temple Pilots
[10:11:56] <tulsabot_node> Intergalactic by Beastie Boys
[10:11:57] <tulsabot_node> Trippin' On A Hole In A Paper Heart by Stone Temple Pilots
[10:11:57] <tulsabot_node> Block Rockin' Beats by The Chemical Brothers
[10:11:58] <tulsabot_node> Smooth Criminal by Alien Ant Farm
[11:11:55] <tulsabot_node> Your http://turntable.fm/tulsawebdevs recap
[11:11:55] <tulsabot_node> Take Me Out by Franz Ferdinand
[11:11:55] <tulsabot_node> My Favorite Things (Minecraft) by Pedro Esparza
[11:11:55] <tulsabot_node> Ghost N Stuff by Deadmau5
[11:11:56] <tulsabot_node> Sorcerary by Mojo
[11:11:56] <tulsabot_node> Race For The Prize by The Flaming Lips
[12:11:55] <tulsabot_node> Your http://turntable.fm/tulsawebdevs recap
[12:11:55] <tulsabot_node> Girl All The Bad Guys Want by Bowling For Soup
[12:11:55] <tulsabot_node> Better Days by Goo Goo Dolls
[13:11:55] <tulsabot_node> Your http://turntable.fm/tulsawebdevs recap
[13:11:55] <tulsabot_node> Dare by Gorillaz
[13:11:55] <tulsabot_node> Thriller by Michael Jackson
[13:11:55] <tulsabot_node> 1985 by Bowling For Soup
[13:11:55] <tulsabot_node> Some Chords by Deadmau5
[13:11:55] <tulsabot_node> California Gurls (Feat. Snoop Dogg) by Katy Perry
[13:11:55] <tulsabot_node> Stacy's Mom by Bowling For Soup
[13:11:56] <tulsabot_node> Shiver by Coldplay
[14:11:55] <tulsabot_node> Your http://turntable.fm/tulsawebdevs recap
[14:11:55] <tulsabot_node> Wrong Way by Sublime
[14:11:55] <tulsabot_node> Song 2 by Blur
[14:11:55] <tulsabot_node> Girl Like That by Matchbox Twenty
[14:11:55] <tulsabot_node> Yellow by Coldplay
[14:11:55] <tulsabot_node> What I Got by Sublime
[14:11:55] <tulsabot_node> All Star by Smash Mouth
[14:11:56] <tulsabot_node> Speed Of Sound by Coldplay
[14:11:56] <tulsabot_node> Ghost N Stuff by Deadmau5
[14:11:57] <tulsabot_node> be human by Yoko Kanno
[14:11:57] <tulsabot_node> Walkin' On The Sun by Smash Mouth
[15:11:55] <tulsabot_node> Your http://turntable.fm/tulsawebdevs recap
[15:11:55] <tulsabot_node> Raise Your Weapon by Deadmau5
[15:11:55] <tulsabot_node> Blue (Da Ba Dee)(Dance Mix) by D.J. Disco Dance
[15:11:55] <tulsabot_node> Are You The One? by The Presets
[15:11:55] <tulsabot_node> In Search Of Diamonds by Eric Fullerton
[15:31:10] <tulsabot_node> The tunes have stopped.
[16:11:55] <tulsabot_node> Your http://turntable.fm/tulsawebdevs recap
[17:11:55] <tulsabot_node> Your http://turntable.fm/tulsawebdevs recap
[18:11:55] <tulsabot_node> Your http://turntable.fm/tulsawebdevs recap
[19:11:55] <tulsabot_node> Your http://turntable.fm/tulsawebdevs recap
[19:11:55] <tulsabot_node> On Melancholy Hill by Gorillaz
[19:11:55] <tulsabot_node> Some Chords by Deadmau5
[19:11:55] <tulsabot_node> You Give Love A Bad Name by Bon Jovi
[19:11:55] <tulsabot_node> Technologic by Daft Punk
[19:51:24] <tulsabot_node> The tunes have stopped.
[20:11:55] <tulsabot_node> Your http://turntable.fm/tulsawebdevs recap
[20:11:55] <tulsabot_node> Summer In The City by The Lovin' Spoonful
[20:11:55] <tulsabot_node> Part Of Me by Katy Perry
[20:11:56] <tulsabot_node> Long Day by Matchbox Twenty
[20:18:48] <djmakeit> anyone know an android dev?
[20:20:01] <percent20> other than darren not I.
[20:20:15] <percent20> err wait. The dude with the reprap can do it.
[21:00:07] <tulsabot_node> The tunes have stopped.
[21:11:55] <tulsabot_node> Your http://turntable.fm/tulsawebdevs recap
[21:11:55] <tulsabot_node> Somebody That I Used To Know by Gotye
[21:11:55] <tulsabot_node> Little Bad Girl (Feat. Taio Cruz & Ludacris) by David Guetta
[21:11:55] <tulsabot_node> Iris by Goo Goo Dolls
[21:11:55] <tulsabot_node> Meet In The Middle by Diamond Rio
[21:11:55] <tulsabot_node> Firework by Katy Perry
[21:11:55] <tulsabot_node> Brick House by The Commodores
[21:11:56] <tulsabot_node> I Kissed A Girl by Katy Perry
[21:11:56] <tulsabot_node> Passion by Utada
[21:11:57] <tulsabot_node> Disco Duck by The Hit Co.
[21:11:57] <tulsabot_node> Stay With You by Goo Goo Dolls
[21:11:58] <tulsabot_node> Code Monkey by Jonathan Coulton
[22:11:56] <tulsabot_node> Your http://turntable.fm/tulsawebdevs recap
[22:11:56] <tulsabot_node> Sail by AWOLNATION
